<?xml version="1.0" encoding="UTF-8"?>
<!-- Generated by org.testng.reporters.JUnitReportReporter -->
<testsuite hostname="DESKTOP-10J7VNH" failures="0" tests="1" name="Basic.Admin" time="22.702" errors="0" timestamp="2025-04-22T15:42:39 IST" skipped="0">
  <testcase classname="Basic.Admin" name="TC_001" time="22.702">
    <system-out>
      <![CDATA[I am in orangeHRM
I am in home
User is added successfully]]>
    </system-out>
  </testcase> <!-- TC_001 -->
  <system-out>
    <![CDATA[I am in orangeHRM
I am in home
User is added successfully]]>
  </system-out>
</testsuite> <!-- Basic.Admin -->
