<?xml version="1.0" encoding="UTF-8"?>
<!-- Generated by org.testng.reporters.JUnitReportReporter -->
<testsuite hostname="DESKTOP-10J7VNH" failures="0" tests="1" name="TestCases.AdminModule" time="38.382" errors="0" timestamp="2025-04-23T10:35:01 IST" skipped="0">
  <testcase classname="TestCases.AdminModule" name="tc_001" time="38.382">
    <system-out>
      <![CDATA[i am im homepage 
new user add Successfully]]>
    </system-out>
  </testcase> <!-- tc_001 -->
  <system-out>
    <![CDATA[i am im homepage 
new user add Successfully]]>
  </system-out>
</testsuite> <!-- TestCases.AdminModule -->
